# JRE version: OpenJDK Runtime Environment Temurin-21.0.11+10 (21.0.11+10) (build 21.0.11+10-LTS)
# Java VM: OpenJDK 64-Bit Server VM Temurin-21.0.11+10 (21.0.11+10-LTS, mixed mode, sharing, tiered, compressed oops, compressed class ptrs, parallel gc, windows-amd64)
GC Precious Log:
 CardTable entry size: 512
 CPUs: 8 total, 8 available
 Memory: 3498M
 Large Page Support: Disabled
 NUMA Support: Disabled
 Compressed Oops: Enabled (32-bit)
 Alignments: Space 512K, Generation 512K, Heap 2M
 Heap Min Capacity: 100M
 Heap Initial Capacity: 100M
 Heap Max Capacity: 2G
 Pre-touch: Disabled
 Parallel Workers: 8
Heap:
 PSYoungGen      total 8192K, used 3704K [0x00000000d5580000, 0x00000000d6c80000, 0x0000000100000000)
  eden space 5120K, 12% used [0x00000000d5580000,0x00000000d561ee20,0x00000000d5a80000)
  from space 3072K, 99% used [0x00000000d6180000,0x00000000d647f5c8,0x00000000d6480000)
  to   space 7168K, 0% used [0x00000000d5a80000,0x00000000d5a80000,0x00000000d6180000)
 ParOldGen       total 961024K, used 960735K [0x0000000080000000, 0x00000000baa80000, 0x00000000d5580000)
  object space 961024K, 99% used [0x0000000080000000,0x00000000baa37fc8,0x00000000baa80000)
 Metaspace       used 104110K, committed 105984K, reserved 1179648K
  class space    used 10476K, committed 11392K, reserved 1048576K
GC Heap History (20 events):
Event: 29556.916 GC heap before
{Heap before GC invocations=6053 (full 10):
 PSYoungGen      total 9728K, used 9721K [0x00000000d5580000, 0x00000000d6d80000, 0x0000000100000000)
  eden space 4096K, 99% used [0x00000000d5580000,0x00000000d597e498,0x00000000d5980000)
  from space 5632K, 100% used [0x00000000d6200000,0x00000000d6780000,0x00000000d6780000)
  to   space 8704K, 0% used [0x00000000d5980000,0x00000000d5980000,0x00000000d6200000)
 ParOldGen       total 929792K, used 929645K [0x0000000080000000, 0x00000000b8c00000, 0x00000000d5580000)
  object space 929792K, 99% used [0x0000000080000000,0x00000000b8bdb478,0x00000000b8c00000)
 Metaspace       used 104072K, committed 105920K, reserved 1179648K
  class space    used 10470K, committed 11392K, reserved 1048576K
}
Event: 29556.937 GC heap after
{Heap after GC invocations=6053 (full 10):
 PSYoungGen      total 8192K, used 3608K [0x00000000d5580000, 0x00000000d6480000, 0x0000000100000000)
  eden space 4096K, 0% used [0x00000000d5580000,0x00000000d5580000,0x00000000d5980000)
  from space 4096K, 88% used [0x00000000d5980000,0x00000000d5d06000,0x00000000d5d80000)
  to   space 5120K, 0% used [0x00000000d5f80000,0x00000000d5f80000,0x00000000d6480000)
 ParOldGen       total 935424K, used 935301K [0x0000000080000000, 0x00000000b9180000, 0x00000000d5580000)
  object space 935424K, 99% used [0x0000000080000000,0x00000000b9161478,0x00000000b9180000)
 Metaspace       used 104072K, committed 105920K, reserved 1179648K
  class space    used 10470K, committed 11392K, reserved 1048576K
}
Event: 29556.995 GC heap before
{Heap before GC invocations=6054 (full 10):
 PSYoungGen      total 8192K, used 7704K [0x00000000d5580000, 0x00000000d6480000, 0x0000000100000000)
  eden space 4096K, 100% used [0x00000000d5580000,0x00000000d5980000,0x00000000d5980000)
  from space 4096K, 88% used [0x00000000d5980000,0x00000000d5d06000,0x00000000d5d80000)
  to   space 5120K, 0% used [0x00000000d5f80000,0x00000000d5f80000,0x00000000d6480000)
 ParOldGen       total 935424K, used 935301K [0x0000000080000000, 0x00000000b9180000, 0x00000000d5580000)
  object space 935424K, 99% used [0x0000000080000000,0x00000000b9161478,0x00000000b9180000)
 Metaspace       used 104074K, committed 105920K, reserved 1179648K
  class space    used 10471K, committed 11392K, reserved 1048576K
}
Event: 29557.013 GC heap after
{Heap after GC invocations=6054 (full 10):
 PSYoungGen      total 8704K, used 3136K [0x00000000d5580000, 0x00000000d6300000, 0x0000000100000000)
  eden space 5120K, 0% used [0x00000000d5580000,0x00000000d5580000,0x00000000d5a80000)
  from space 3584K, 87% used [0x00000000d5f80000,0x00000000d6290000,0x00000000d6300000)
  to   space 3584K, 0% used [0x00000000d5c00000,0x00000000d5c00000,0x00000000d5f80000)
 ParOldGen       total 938496K, used 938325K [0x0000000080000000, 0x00000000b9480000, 0x00000000d5580000)
  object space 938496K, 99% used [0x0000000080000000,0x00000000b9455478,0x00000000b9480000)
 Metaspace       used 104074K, committed 105920K, reserved 1179648K
  class space    used 10471K, committed 11392K, reserved 1048576K
}
Event: 29557.104 GC heap before
{Heap before GC invocations=6055 (full 10):
 PSYoungGen      total 8704K, used 8256K [0x00000000d5580000, 0x00000000d6300000, 0x0000000100000000)
  eden space 5120K, 100% used [0x00000000d5580000,0x00000000d5a80000,0x00000000d5a80000)
  from space 3584K, 87% used [0x00000000d5f80000,0x00000000d6290000,0x00000000d6300000)
  to   space 3584K, 0% used [0x00000000d5c00000,0x00000000d5c00000,0x00000000d5f80000)
 ParOldGen       total 938496K, used 938325K [0x0000000080000000, 0x00000000b9480000, 0x00000000d5580000)
  object space 938496K, 99% used [0x0000000080000000,0x00000000b9455478,0x00000000b9480000)
 Metaspace       used 104074K, committed 105920K, reserved 1179648K
  class space    used 10471K, committed 11392K, reserved 1048576K
}
Event: 29557.125 GC heap after
{Heap after GC invocations=6055 (full 10):
 PSYoungGen      total 9728K, used 3552K [0x00000000d5580000, 0x00000000d6d80000, 0x0000000100000000)
  eden space 6144K, 0% used [0x00000000d5580000,0x00000000d5580000,0x00000000d5b80000)
  from space 3584K, 99% used [0x00000000d5c00000,0x00000000d5f78140,0x00000000d5f80000)
  to   space 9216K, 0% used [0x00000000d6480000,0x00000000d6480000,0x00000000d6d80000)
 ParOldGen       total 943104K, used 942745K [0x0000000080000000, 0x00000000b9900000, 0x00000000d5580000)
  object space 943104K, 99% used [0x0000000080000000,0x00000000b98a6710,0x00000000b9900000)
 Metaspace       used 104074K, committed 105920K, reserved 1179648K
  class space    used 10471K, committed 11392K, reserved 1048576K
}
Event: 29557.192 GC heap before
{Heap before GC invocations=6056 (full 10):
 PSYoungGen      total 9728K, used 9696K [0x00000000d5580000, 0x00000000d6d80000, 0x0000000100000000)
  eden space 6144K, 100% used [0x00000000d5580000,0x00000000d5b80000,0x00000000d5b80000)
  from space 3584K, 99% used [0x00000000d5c00000,0x00000000d5f78140,0x00000000d5f80000)
  to   space 9216K, 0% used [0x00000000d6480000,0x00000000d6480000,0x00000000d6d80000)
 ParOldGen       total 943104K, used 942745K [0x0000000080000000, 0x00000000b9900000, 0x00000000d5580000)
  object space 943104K, 99% used [0x0000000080000000,0x00000000b98a6710,0x00000000b9900000)
 Metaspace       used 104074K, committed 105920K, reserved 1179648K
  class space    used 10471K, committed 11392K, reserved 1048576K
}
Event: 29557.207 GC heap after
{Heap after GC invocations=6056 (full 10):
 PSYoungGen      total 13312K, used 5184K [0x00000000d5580000, 0x00000000d6a00000, 0x0000000100000000)
  eden space 7680K, 0% used [0x00000000d5580000,0x00000000d5580000,0x00000000d5d00000)
  from space 5632K, 92% used [0x00000000d6480000,0x00000000d6990000,0x00000000d6a00000)
  to   space 6656K, 0% used [0x00000000d5d00000,0x00000000d5d00000,0x00000000d6380000)
 ParOldGen       total 946688K, used 946642K [0x0000000080000000, 0x00000000b9c80000, 0x00000000d5580000)
  object space 946688K, 99% used [0x0000000080000000,0x00000000b9c748f0,0x00000000b9c80000)
 Metaspace       used 104074K, committed 105920K, reserved 1179648K
  class space    used 10471K, committed 11392K, reserved 1048576K
}
Event: 29558.640 GC heap before
{Heap before GC invocations=6057 (full 10):
 PSYoungGen      total 13312K, used 12864K [0x00000000d5580000, 0x00000000d6a00000, 0x0000000100000000)
  eden space 7680K, 100% used [0x00000000d5580000,0x00000000d5d00000,0x00000000d5d00000)
  from space 5632K, 92% used [0x00000000d6480000,0x00000000d6990000,0x00000000d6a00000)
  to   space 6656K, 0% used [0x00000000d5d00000,0x00000000d5d00000,0x00000000d6380000)
 ParOldGen       total 946688K, used 946642K [0x0000000080000000, 0x00000000b9c80000, 0x00000000d5580000)
  object space 946688K, 99% used [0x0000000080000000,0x00000000b9c748f0,0x00000000b9c80000)
 Metaspace       used 104075K, committed 105920K, reserved 1179648K
  class space    used 10471K, committed 11392K, reserved 1048576K
}
Event: 29558.880 GC heap after
{Heap after GC invocations=6057 (full 10):
 PSYoungGen      total 10752K, used 2774K [0x00000000d5580000, 0x00000000d6680000, 0x0000000100000000)
  eden space 7680K, 0% used [0x00000000d5580000,0x00000000d5580000,0x00000000d5d00000)
  from space 3072K, 90% used [0x00000000d5d00000,0x00000000d5fb59e0,0x00000000d6000000)
  to   space 4096K, 0% used [0x00000000d6280000,0x00000000d6280000,0x00000000d6680000)
 ParOldGen       total 951808K, used 951730K [0x0000000080000000, 0x00000000ba180000, 0x00000000d5580000)
  object space 951808K, 99% used [0x0000000080000000,0x00000000ba16c8f0,0x00000000ba180000)
 Metaspace       used 104075K, committed 105920K, reserved 1179648K
  class space    used 10471K, committed 11392K, reserved 1048576K
}
Event: 29558.996 GC heap before
{Heap before GC invocations=6058 (full 10):
 PSYoungGen      total 10752K, used 10454K [0x00000000d5580000, 0x00000000d6680000, 0x0000000100000000)
  eden space 7680K, 100% used [0x00000000d5580000,0x00000000d5d00000,0x00000000d5d00000)
  from space 3072K, 90% used [0x00000000d5d00000,0x00000000d5fb59e0,0x00000000d6000000)
  to   space 4096K, 0% used [0x00000000d6280000,0x00000000d6280000,0x00000000d6680000)
 ParOldGen       total 951808K, used 951730K [0x0000000080000000, 0x00000000ba180000, 0x00000000d5580000)
  object space 951808K, 99% used [0x0000000080000000,0x00000000ba16c8f0,0x00000000ba180000)
 Metaspace       used 104075K, committed 105920K, reserved 1179648K
  class space    used 10471K, committed 11392K, reserved 1048576K
}
Event: 29559.030 GC heap after
{Heap after GC invocations=6058 (full 10):
 PSYoungGen      total 10752K, used 1168K [0x00000000d5580000, 0x00000000d6400000, 0x0000000100000000)
  eden space 9216K, 0% used [0x00000000d5580000,0x00000000d5580000,0x00000000d5e80000)
  from space 1536K, 76% used [0x00000000d6280000,0x00000000d63a4260,0x00000000d6400000)
  to   space 2048K, 0% used [0x00000000d6000000,0x00000000d6000000,0x00000000d6200000)
 ParOldGen       total 954880K, used 954391K [0x0000000080000000, 0x00000000ba480000, 0x00000000d5580000)
  object space 954880K, 99% used [0x0000000080000000,0x00000000ba405f60,0x00000000ba480000)
 Metaspace       used 104075K, committed 105920K, reserved 1179648K
  class space    used 10471K, committed 11392K, reserved 1048576K
}
Event: 29559.611 GC heap before
{Heap before GC invocations=6059 (full 10):
 PSYoungGen      total 10752K, used 10384K [0x00000000d5580000, 0x00000000d6400000, 0x0000000100000000)
  eden space 9216K, 100% used [0x00000000d5580000,0x00000000d5e80000,0x00000000d5e80000)
  from space 1536K, 76% used [0x00000000d6280000,0x00000000d63a4260,0x00000000d6400000)
  to   space 2048K, 0% used [0x00000000d6000000,0x00000000d6000000,0x00000000d6200000)
 ParOldGen       total 954880K, used 954391K [0x0000000080000000, 0x00000000ba480000, 0x00000000d5580000)
  object space 954880K, 99% used [0x0000000080000000,0x00000000ba405f60,0x00000000ba480000)
 Metaspace       used 104075K, committed 105920K, reserved 1179648K
  class space    used 10471K, committed 11392K, reserved 1048576K
}
Event: 29559.642 GC heap after
{Heap after GC invocations=6059 (full 10):
 PSYoungGen      total 11264K, used 2024K [0x00000000d5580000, 0x00000000d6580000, 0x0000000100000000)
  eden space 9216K, 0% used [0x00000000d5580000,0x00000000d5580000,0x00000000d5e80000)
  from space 2048K, 98% used [0x00000000d6000000,0x00000000d61fa0a0,0x00000000d6200000)
  to   space 3584K, 0% used [0x00000000d6200000,0x00000000d6200000,0x00000000d6580000)
 ParOldGen       total 955904K, used 955539K [0x0000000080000000, 0x00000000ba580000, 0x00000000d5580000)
  object space 955904K, 99% used [0x0000000080000000,0x00000000ba524f78,0x00000000ba580000)
 Metaspace       used 104075K, committed 105920K, reserved 1179648K
  class space    used 10471K, committed 11392K, reserved 1048576K
}
Event: 29560.687 GC heap before
{Heap before GC invocations=6060 (full 10):
 PSYoungGen      total 11264K, used 11240K [0x00000000d5580000, 0x00000000d6580000, 0x0000000100000000)
  eden space 9216K, 100% used [0x00000000d5580000,0x00000000d5e80000,0x00000000d5e80000)
  from space 2048K, 98% used [0x00000000d6000000,0x00000000d61fa0a0,0x00000000d6200000)
  to   space 3584K, 0% used [0x00000000d6200000,0x00000000d6200000,0x00000000d6580000)
 ParOldGen       total 955904K, used 955539K [0x0000000080000000, 0x00000000ba580000, 0x00000000d5580000)
  object space 955904K, 99% used [0x0000000080000000,0x00000000ba524f78,0x00000000ba580000)
 Metaspace       used 104075K, committed 105920K, reserved 1179648K
  class space    used 10471K, committed 11392K, reserved 1048576K
}
Event: 29560.822 GC heap after
{Heap after GC invocations=6060 (full 10):
 PSYoungGen      total 9728K, used 320K [0x00000000d5580000, 0x00000000d6280000, 0x0000000100000000)
  eden space 9216K, 0% used [0x00000000d5580000,0x00000000d5580000,0x00000000d5e80000)
  from space 512K, 62% used [0x00000000d6200000,0x00000000d6250000,0x00000000d6280000)
  to   space 1536K, 0% used [0x00000000d5f80000,0x00000000d5f80000,0x00000000d6100000)
 ParOldGen       total 956928K, used 956592K [0x0000000080000000, 0x00000000ba680000, 0x00000000d5580000)
  object space 956928K, 99% used [0x0000000080000000,0x00000000ba62c270,0x00000000ba680000)
 Metaspace       used 104075K, committed 105920K, reserved 1179648K
  class space    used 10471K, committed 11392K, reserved 1048576K
}
Event: 29656.365 GC heap before
{Heap before GC invocations=6061 (full 10):
 PSYoungGen      total 9728K, used 9536K [0x00000000d5580000, 0x00000000d6280000, 0x0000000100000000)
  eden space 9216K, 100% used [0x00000000d5580000,0x00000000d5e80000,0x00000000d5e80000)
  from space 512K, 62% used [0x00000000d6200000,0x00000000d6250000,0x00000000d6280000)
  to   space 1536K, 0% used [0x00000000d5f80000,0x00000000d5f80000,0x00000000d6100000)
 ParOldGen       total 956928K, used 956592K [0x0000000080000000, 0x00000000ba680000, 0x00000000d5580000)
  object space 956928K, 99% used [0x0000000080000000,0x00000000ba62c270,0x00000000ba680000)
 Metaspace       used 104108K, committed 105984K, reserved 1179648K
  class space    used 10475K, committed 11392K, reserved 1048576K
}
Event: 29657.484 GC heap after
{Heap after GC invocations=6061 (full 10):
 PSYoungGen      total 10752K, used 1527K [0x00000000d5580000, 0x00000000d6480000, 0x0000000100000000)
  eden space 9216K, 0% used [0x00000000d5580000,0x00000000d5580000,0x00000000d5e80000)
  from space 1536K, 99% used [0x00000000d5f80000,0x00000000d60fdf08,0x00000000d6100000)
  to   space 3072K, 0% used [0x00000000d6180000,0x00000000d6180000,0x00000000d6480000)
 ParOldGen       total 957952K, used 957597K [0x0000000080000000, 0x00000000ba780000, 0x00000000d5580000)
  object space 957952K, 99% used [0x0000000080000000,0x00000000ba727608,0x00000000ba780000)
 Metaspace       used 104108K, committed 105984K, reserved 1179648K
  class space    used 10475K, committed 11392K, reserved 1048576K
}
Event: 29658.951 GC heap before
{Heap before GC invocations=6062 (full 10):
 PSYoungGen      total 10752K, used 10743K [0x00000000d5580000, 0x00000000d6480000, 0x0000000100000000)
  eden space 9216K, 100% used [0x00000000d5580000,0x00000000d5e80000,0x00000000d5e80000)
  from space 1536K, 99% used [0x00000000d5f80000,0x00000000d60fdf08,0x00000000d6100000)
  to   space 3072K, 0% used [0x00000000d6180000,0x00000000d6180000,0x00000000d6480000)
 ParOldGen       total 957952K, used 957597K [0x0000000080000000, 0x00000000ba780000, 0x00000000d5580000)
  object space 957952K, 99% used [0x0000000080000000,0x00000000ba727608,0x00000000ba780000)
 Metaspace       used 104108K, committed 105984K, reserved 1179648K
  class space    used 10475K, committed 11392K, reserved 1048576K
}
Event: 29659.551 GC heap after
{Heap after GC invocations=6062 (full 10):
 PSYoungGen      total 8192K, used 3069K [0x00000000d5580000, 0x00000000d6c80000, 0x0000000100000000)
  eden space 5120K, 0% used [0x00000000d5580000,0x00000000d5580000,0x00000000d5a80000)
  from space 3072K, 99% used [0x00000000d6180000,0x00000000d647f5c8,0x00000000d6480000)
  to   space 7168K, 0% used [0x00000000d5a80000,0x00000000d5a80000,0x00000000d6180000)
 ParOldGen       total 961024K, used 960735K [0x0000000080000000, 0x00000000baa80000, 0x00000000d5580000)
  object space 961024K, 99% used [0x0000000080000000,0x00000000baa37fc8,0x00000000baa80000)
 Metaspace       used 104108K, committed 105984K, reserved 1179648K
  class space    used 10475K, committed 11392K, reserved 1048576K
}

