# JRE version: OpenJDK Runtime Environment Temurin-21.0.11+10 (21.0.11+10) (build 21.0.11+10-LTS)
# Java VM: OpenJDK 64-Bit Server VM Temurin-21.0.11+10 (21.0.11+10-LTS, mixed mode, sharing, tiered, compressed oops, compressed class ptrs, parallel gc, windows-amd64)
GC Precious Log:
 CardTable entry size: 512
 CPUs: 8 total, 8 available
 Memory: 3498M
 Large Page Support: Disabled
 NUMA Support: Disabled
 Compressed Oops: Enabled (32-bit)
 Alignments: Space 512K, Generation 512K, Heap 2M
 Heap Min Capacity: 100M
 Heap Initial Capacity: 100M
 Heap Max Capacity: 2G
 Pre-touch: Disabled
 Parallel Workers: 8
Heap:
 PSYoungGen      total 19968K, used 8868K [0x00000000d5580000, 0x00000000d6b80000, 0x0000000100000000)
  eden space 18944K, 41% used [0x00000000d5580000,0x00000000d5d391b8,0x00000000d6800000)
  from space 1024K, 93% used [0x00000000d6a80000,0x00000000d6b70000,0x00000000d6b80000)
  to   space 1536K, 0% used [0x00000000d6880000,0x00000000d6880000,0x00000000d6a00000)
 ParOldGen       total 68608K, used 51819K [0x0000000080000000, 0x0000000084300000, 0x00000000d5580000)
  object space 68608K, 75% used [0x0000000080000000,0x000000008329aff8,0x0000000084300000)
 Metaspace       used 57410K, committed 58816K, reserved 1114112K
  class space    used 6238K, committed 6848K, reserved 1048576K
GC Heap History (20 events):
Event: 38.582 GC heap before
{Heap before GC invocations=27 (full 2):
 PSYoungGen      total 21504K, used 21484K [0x00000000d5580000, 0x00000000d7280000, 0x0000000100000000)
  eden space 19456K, 100% used [0x00000000d5580000,0x00000000d6880000,0x00000000d6880000)
  from space 2048K, 99% used [0x00000000d6c80000,0x00000000d6e7b008,0x00000000d6e80000)
  to   space 4096K, 0% used [0x00000000d6880000,0x00000000d6880000,0x00000000d6c80000)
 ParOldGen       total 68608K, used 34627K [0x0000000080000000, 0x0000000084300000, 0x00000000d5580000)
  object space 68608K, 50% used [0x0000000080000000,0x00000000821d0d08,0x0000000084300000)
 Metaspace       used 53275K, committed 54528K, reserved 1114112K
  class space    used 5842K, committed 6400K, reserved 1048576K
}
Event: 38.587 GC heap after
{Heap after GC invocations=27 (full 2):
 PSYoungGen      total 22016K, used 2232K [0x00000000d5580000, 0x00000000d6e80000, 0x0000000100000000)
  eden space 19456K, 0% used [0x00000000d5580000,0x00000000d5580000,0x00000000d6880000)
  from space 2560K, 87% used [0x00000000d6880000,0x00000000d6aae008,0x00000000d6b00000)
  to   space 3072K, 0% used [0x00000000d6b80000,0x00000000d6b80000,0x00000000d6e80000)
 ParOldGen       total 68608K, used 36399K [0x0000000080000000, 0x0000000084300000, 0x00000000d5580000)
  object space 68608K, 53% used [0x0000000080000000,0x000000008238bd18,0x0000000084300000)
 Metaspace       used 53275K, committed 54528K, reserved 1114112K
  class space    used 5842K, committed 6400K, reserved 1048576K
}
Event: 38.965 GC heap before
{Heap before GC invocations=28 (full 2):
 PSYoungGen      total 22016K, used 21688K [0x00000000d5580000, 0x00000000d6e80000, 0x0000000100000000)
  eden space 19456K, 100% used [0x00000000d5580000,0x00000000d6880000,0x00000000d6880000)
  from space 2560K, 87% used [0x00000000d6880000,0x00000000d6aae008,0x00000000d6b00000)
  to   space 3072K, 0% used [0x00000000d6b80000,0x00000000d6b80000,0x00000000d6e80000)
 ParOldGen       total 68608K, used 36399K [0x0000000080000000, 0x0000000084300000, 0x00000000d5580000)
  object space 68608K, 53% used [0x0000000080000000,0x000000008238bd18,0x0000000084300000)
 Metaspace       used 53397K, committed 54656K, reserved 1114112K
  class space    used 5845K, committed 6400K, reserved 1048576K
}
Event: 39.022 GC heap after
{Heap after GC invocations=28 (full 2):
 PSYoungGen      total 22016K, used 2985K [0x00000000d5580000, 0x00000000d6f80000, 0x0000000100000000)
  eden space 18944K, 0% used [0x00000000d5580000,0x00000000d5580000,0x00000000d6800000)
  from space 3072K, 97% used [0x00000000d6b80000,0x00000000d6e6a610,0x00000000d6e80000)
  to   space 3584K, 0% used [0x00000000d6800000,0x00000000d6800000,0x00000000d6b80000)
 ParOldGen       total 68608K, used 38444K [0x0000000080000000, 0x0000000084300000, 0x00000000d5580000)
  object space 68608K, 56% used [0x0000000080000000,0x000000008258b330,0x0000000084300000)
 Metaspace       used 53397K, committed 54656K, reserved 1114112K
  class space    used 5845K, committed 6400K, reserved 1048576K
}
Event: 39.452 GC heap before
{Heap before GC invocations=29 (full 2):
 PSYoungGen      total 22016K, used 21929K [0x00000000d5580000, 0x00000000d6f80000, 0x0000000100000000)
  eden space 18944K, 100% used [0x00000000d5580000,0x00000000d6800000,0x00000000d6800000)
  from space 3072K, 97% used [0x00000000d6b80000,0x00000000d6e6a610,0x00000000d6e80000)
  to   space 3584K, 0% used [0x00000000d6800000,0x00000000d6800000,0x00000000d6b80000)
 ParOldGen       total 68608K, used 38444K [0x0000000080000000, 0x0000000084300000, 0x00000000d5580000)
  object space 68608K, 56% used [0x0000000080000000,0x000000008258b330,0x0000000084300000)
 Metaspace       used 53505K, committed 54848K, reserved 1114112K
  class space    used 5864K, committed 6464K, reserved 1048576K
}
Event: 39.516 GC heap after
{Heap after GC invocations=29 (full 2):
 PSYoungGen      total 20992K, used 1548K [0x00000000d5580000, 0x00000000d6d00000, 0x0000000100000000)
  eden space 18944K, 0% used [0x00000000d5580000,0x00000000d5580000,0x00000000d6800000)
  from space 2048K, 75% used [0x00000000d6800000,0x00000000d6983010,0x00000000d6a00000)
  to   space 2560K, 0% used [0x00000000d6a80000,0x00000000d6a80000,0x00000000d6d00000)
 ParOldGen       total 68608K, used 40380K [0x0000000080000000, 0x0000000084300000, 0x00000000d5580000)
  object space 68608K, 58% used [0x0000000080000000,0x000000008276f340,0x0000000084300000)
 Metaspace       used 53505K, committed 54848K, reserved 1114112K
  class space    used 5864K, committed 6464K, reserved 1048576K
}
Event: 40.172 GC heap before
{Heap before GC invocations=30 (full 2):
 PSYoungGen      total 20992K, used 20492K [0x00000000d5580000, 0x00000000d6d00000, 0x0000000100000000)
  eden space 18944K, 100% used [0x00000000d5580000,0x00000000d6800000,0x00000000d6800000)
  from space 2048K, 75% used [0x00000000d6800000,0x00000000d6983010,0x00000000d6a00000)
  to   space 2560K, 0% used [0x00000000d6a80000,0x00000000d6a80000,0x00000000d6d00000)
 ParOldGen       total 68608K, used 40380K [0x0000000080000000, 0x0000000084300000, 0x00000000d5580000)
  object space 68608K, 58% used [0x0000000080000000,0x000000008276f340,0x0000000084300000)
 Metaspace       used 53831K, committed 55104K, reserved 1114112K
  class space    used 5902K, committed 6464K, reserved 1048576K
}
Event: 40.178 GC heap after
{Heap after GC invocations=30 (full 2):
 PSYoungGen      total 20480K, used 1376K [0x00000000d5580000, 0x00000000d6c00000, 0x0000000100000000)
  eden space 18944K, 0% used [0x00000000d5580000,0x00000000d5580000,0x00000000d6800000)
  from space 1536K, 89% used [0x00000000d6a80000,0x00000000d6bd8000,0x00000000d6c00000)
  to   space 1536K, 0% used [0x00000000d6900000,0x00000000d6900000,0x00000000d6a80000)
 ParOldGen       total 68608K, used 41347K [0x0000000080000000, 0x0000000084300000, 0x00000000d5580000)
  object space 68608K, 60% used [0x0000000080000000,0x0000000082860fe8,0x0000000084300000)
 Metaspace       used 53831K, committed 55104K, reserved 1114112K
  class space    used 5902K, committed 6464K, reserved 1048576K
}
Event: 43.489 GC heap before
{Heap before GC invocations=31 (full 2):
 PSYoungGen      total 20480K, used 20320K [0x00000000d5580000, 0x00000000d6c00000, 0x0000000100000000)
  eden space 18944K, 100% used [0x00000000d5580000,0x00000000d6800000,0x00000000d6800000)
  from space 1536K, 89% used [0x00000000d6a80000,0x00000000d6bd8000,0x00000000d6c00000)
  to   space 1536K, 0% used [0x00000000d6900000,0x00000000d6900000,0x00000000d6a80000)
 ParOldGen       total 68608K, used 41347K [0x0000000080000000, 0x0000000084300000, 0x00000000d5580000)
  object space 68608K, 60% used [0x0000000080000000,0x0000000082860fe8,0x0000000084300000)
 Metaspace       used 55081K, committed 56384K, reserved 1114112K
  class space    used 6038K, committed 6592K, reserved 1048576K
}
Event: 43.498 GC heap after
{Heap after GC invocations=31 (full 2):
 PSYoungGen      total 20480K, used 1517K [0x00000000d5580000, 0x00000000d7200000, 0x0000000100000000)
  eden space 18944K, 0% used [0x00000000d5580000,0x00000000d5580000,0x00000000d6800000)
  from space 1536K, 98% used [0x00000000d6900000,0x00000000d6a7b520,0x00000000d6a80000)
  to   space 5120K, 0% used [0x00000000d6d00000,0x00000000d6d00000,0x00000000d7200000)
 ParOldGen       total 68608K, used 44210K [0x0000000080000000, 0x0000000084300000, 0x00000000d5580000)
  object space 68608K, 64% used [0x0000000080000000,0x0000000082b2c8e8,0x0000000084300000)
 Metaspace       used 55081K, committed 56384K, reserved 1114112K
  class space    used 6038K, committed 6592K, reserved 1048576K
}
Event: 46.873 GC heap before
{Heap before GC invocations=32 (full 2):
 PSYoungGen      total 20480K, used 20461K [0x00000000d5580000, 0x00000000d7200000, 0x0000000100000000)
  eden space 18944K, 100% used [0x00000000d5580000,0x00000000d6800000,0x00000000d6800000)
  from space 1536K, 98% used [0x00000000d6900000,0x00000000d6a7b520,0x00000000d6a80000)
  to   space 5120K, 0% used [0x00000000d6d00000,0x00000000d6d00000,0x00000000d7200000)
 ParOldGen       total 68608K, used 44210K [0x0000000080000000, 0x0000000084300000, 0x00000000d5580000)
  object space 68608K, 64% used [0x0000000080000000,0x0000000082b2c8e8,0x0000000084300000)
 Metaspace       used 55265K, committed 56576K, reserved 1114112K
  class space    used 6039K, committed 6592K, reserved 1048576K
}
Event: 46.882 GC heap after
{Heap after GC invocations=32 (full 2):
 PSYoungGen      total 20992K, used 2016K [0x00000000d5580000, 0x00000000d6f00000, 0x0000000100000000)
  eden space 18944K, 0% used [0x00000000d5580000,0x00000000d5580000,0x00000000d6800000)
  from space 2048K, 98% used [0x00000000d6d00000,0x00000000d6ef8000,0x00000000d6f00000)
  to   space 3072K, 0% used [0x00000000d6900000,0x00000000d6900000,0x00000000d6c00000)
 ParOldGen       total 68608K, used 45743K [0x0000000080000000, 0x0000000084300000, 0x00000000d5580000)
  object space 68608K, 66% used [0x0000000080000000,0x0000000082cabe08,0x0000000084300000)
 Metaspace       used 55265K, committed 56576K, reserved 1114112K
  class space    used 6039K, committed 6592K, reserved 1048576K
}
Event: 47.297 GC heap before
{Heap before GC invocations=33 (full 2):
 PSYoungGen      total 20992K, used 20960K [0x00000000d5580000, 0x00000000d6f00000, 0x0000000100000000)
  eden space 18944K, 100% used [0x00000000d5580000,0x00000000d6800000,0x00000000d6800000)
  from space 2048K, 98% used [0x00000000d6d00000,0x00000000d6ef8000,0x00000000d6f00000)
  to   space 3072K, 0% used [0x00000000d6900000,0x00000000d6900000,0x00000000d6c00000)
 ParOldGen       total 68608K, used 45743K [0x0000000080000000, 0x0000000084300000, 0x00000000d5580000)
  object space 68608K, 66% used [0x0000000080000000,0x0000000082cabe08,0x0000000084300000)
 Metaspace       used 55465K, committed 56768K, reserved 1114112K
  class space    used 6041K, committed 6592K, reserved 1048576K
}
Event: 47.301 GC heap after
{Heap after GC invocations=33 (full 2):
 PSYoungGen      total 20480K, used 1472K [0x00000000d5580000, 0x00000000d6d80000, 0x0000000100000000)
  eden space 18944K, 0% used [0x00000000d5580000,0x00000000d5580000,0x00000000d6800000)
  from space 1536K, 95% used [0x00000000d6900000,0x00000000d6a70000,0x00000000d6a80000)
  to   space 2048K, 0% used [0x00000000d6b80000,0x00000000d6b80000,0x00000000d6d80000)
 ParOldGen       total 68608K, used 47575K [0x0000000080000000, 0x0000000084300000, 0x00000000d5580000)
  object space 68608K, 69% used [0x0000000080000000,0x0000000082e75c08,0x0000000084300000)
 Metaspace       used 55465K, committed 56768K, reserved 1114112K
  class space    used 6041K, committed 6592K, reserved 1048576K
}
Event: 53.241 GC heap before
{Heap before GC invocations=34 (full 2):
 PSYoungGen      total 20480K, used 20416K [0x00000000d5580000, 0x00000000d6d80000, 0x0000000100000000)
  eden space 18944K, 100% used [0x00000000d5580000,0x00000000d6800000,0x00000000d6800000)
  from space 1536K, 95% used [0x00000000d6900000,0x00000000d6a70000,0x00000000d6a80000)
  to   space 2048K, 0% used [0x00000000d6b80000,0x00000000d6b80000,0x00000000d6d80000)
 ParOldGen       total 68608K, used 47575K [0x0000000080000000, 0x0000000084300000, 0x00000000d5580000)
  object space 68608K, 69% used [0x0000000080000000,0x0000000082e75c08,0x0000000084300000)
 Metaspace       used 56231K, committed 57600K, reserved 1114112K
  class space    used 6149K, committed 6720K, reserved 1048576K
}
Event: 53.253 GC heap after
{Heap after GC invocations=34 (full 2):
 PSYoungGen      total 20992K, used 2016K [0x00000000d5580000, 0x00000000d6d80000, 0x0000000100000000)
  eden space 18944K, 0% used [0x00000000d5580000,0x00000000d5580000,0x00000000d6800000)
  from space 2048K, 98% used [0x00000000d6b80000,0x00000000d6d78000,0x00000000d6d80000)
  to   space 2560K, 0% used [0x00000000d6880000,0x00000000d6880000,0x00000000d6b00000)
 ParOldGen       total 68608K, used 48887K [0x0000000080000000, 0x0000000084300000, 0x00000000d5580000)
  object space 68608K, 71% used [0x0000000080000000,0x0000000082fbdc08,0x0000000084300000)
 Metaspace       used 56231K, committed 57600K, reserved 1114112K
  class space    used 6149K, committed 6720K, reserved 1048576K
}
Event: 59.408 GC heap before
{Heap before GC invocations=35 (full 2):
 PSYoungGen      total 20992K, used 20960K [0x00000000d5580000, 0x00000000d6d80000, 0x0000000100000000)
  eden space 18944K, 100% used [0x00000000d5580000,0x00000000d6800000,0x00000000d6800000)
  from space 2048K, 98% used [0x00000000d6b80000,0x00000000d6d78000,0x00000000d6d80000)
  to   space 2560K, 0% used [0x00000000d6880000,0x00000000d6880000,0x00000000d6b00000)
 ParOldGen       total 68608K, used 48887K [0x0000000080000000, 0x0000000084300000, 0x00000000d5580000)
  object space 68608K, 71% used [0x0000000080000000,0x0000000082fbdc08,0x0000000084300000)
 Metaspace       used 57097K, committed 58496K, reserved 1114112K
  class space    used 6236K, committed 6848K, reserved 1048576K
}
Event: 59.429 GC heap after
{Heap after GC invocations=35 (full 2):
 PSYoungGen      total 20992K, used 1790K [0x00000000d5580000, 0x00000000d6c00000, 0x0000000100000000)
  eden space 18944K, 0% used [0x00000000d5580000,0x00000000d5580000,0x00000000d6800000)
  from space 2048K, 87% used [0x00000000d6880000,0x00000000d6a3fba8,0x00000000d6a80000)
  to   space 1536K, 0% used [0x00000000d6a80000,0x00000000d6a80000,0x00000000d6c00000)
 ParOldGen       total 68608K, used 50194K [0x0000000080000000, 0x0000000084300000, 0x00000000d5580000)
  object space 68608K, 73% used [0x0000000080000000,0x0000000083104a08,0x0000000084300000)
 Metaspace       used 57097K, committed 58496K, reserved 1114112K
  class space    used 6236K, committed 6848K, reserved 1048576K
}
Event: 63.488 GC heap before
{Heap before GC invocations=36 (full 2):
 PSYoungGen      total 20992K, used 20734K [0x00000000d5580000, 0x00000000d6c00000, 0x0000000100000000)
  eden space 18944K, 100% used [0x00000000d5580000,0x00000000d6800000,0x00000000d6800000)
  from space 2048K, 87% used [0x00000000d6880000,0x00000000d6a3fba8,0x00000000d6a80000)
  to   space 1536K, 0% used [0x00000000d6a80000,0x00000000d6a80000,0x00000000d6c00000)
 ParOldGen       total 68608K, used 50194K [0x0000000080000000, 0x0000000084300000, 0x00000000d5580000)
  object space 68608K, 73% used [0x0000000080000000,0x0000000083104a08,0x0000000084300000)
 Metaspace       used 57388K, committed 58816K, reserved 1114112K
  class space    used 6237K, committed 6848K, reserved 1048576K
}
Event: 63.547 GC heap after
{Heap after GC invocations=36 (full 2):
 PSYoungGen      total 19968K, used 960K [0x00000000d5580000, 0x00000000d6b80000, 0x0000000100000000)
  eden space 18944K, 0% used [0x00000000d5580000,0x00000000d5580000,0x00000000d6800000)
  from space 1024K, 93% used [0x00000000d6a80000,0x00000000d6b70000,0x00000000d6b80000)
  to   space 1536K, 0% used [0x00000000d6880000,0x00000000d6880000,0x00000000d6a00000)
 ParOldGen       total 68608K, used 51819K [0x0000000080000000, 0x0000000084300000, 0x00000000d5580000)
  object space 68608K, 75% used [0x0000000080000000,0x000000008329aff8,0x0000000084300000)
 Metaspace       used 57388K, committed 58816K, reserved 1114112K
  class space    used 6237K, committed 6848K, reserved 1048576K
}

